2022-11-12 17:18:59.657 INFO  com.example.config.DemoApplication                       :55   [32m                  [0;39m Starting DemoApplication on LAPTOP-U9H4EPFU with PID 16476 (D:\spring-study\demo\target\classes started by lzz in D:\spring-study\demo)
2022-11-12 17:18:59.660 INFO  com.example.config.DemoApplication                       :651  [32m                  [0;39m No active profile set, falling back to default profiles: default
2022-11-12 17:19:00.188 INFO  o.s.boot.web.embedded.tomcat.TomcatWebServer      :108  [32m                  [0;39m Tomcat initialized with port(s): 8080 (http)
2022-11-12 17:19:00.195 INFO  org.apache.coyote.http11.Http11NioProtocol        :173  [32m                  [0;39m Initializing ProtocolHandler ["http-nio-8080"]
2022-11-12 17:19:00.195 INFO  org.apache.catalina.core.StandardService          :173  [32m                  [0;39m Starting service [Tomcat]
2022-11-12 17:19:00.195 INFO  org.apache.catalina.core.StandardEngine           :173  [32m                  [0;39m Starting Servlet engine: [Apache Tomcat/9.0.41]
2022-11-12 17:19:00.250 INFO  o.a.c.core.ContainerBase.[Tomcat].[localhost].[/] :173  [32m                  [0;39m Initializing Spring embedded WebApplicationContext
2022-11-12 17:19:00.250 INFO  o.s.b.w.s.c.ServletWebServerApplicationContext    :285  [32m                  [0;39m Root WebApplicationContext: initialization completed in 558 ms
2022-11-12 17:19:00.363 INFO  o.s.scheduling.concurrent.ThreadPoolTaskExecutor  :181  [32m                  [0;39m Initializing ExecutorService 'applicationTaskExecutor'
2022-11-12 17:19:00.456 INFO  org.apache.coyote.http11.Http11NioProtocol        :173  [32m                  [0;39m Starting ProtocolHandler ["http-nio-8080"]
2022-11-12 17:19:00.473 INFO  o.s.boot.web.embedded.tomcat.TomcatWebServer      :220  [32m                  [0;39m Tomcat started on port(s): 8080 (http) with context path ''
2022-11-12 17:19:00.481 INFO  com.example.config.DemoApplication                       :61   [32m                  [0;39m Started DemoApplication in 1.154 seconds (JVM running for 1.941)
2022-11-12 17:35:10.615 INFO  o.s.scheduling.concurrent.ThreadPoolTaskExecutor  :218  [32m                  [0;39m Shutting down ExecutorService 'applicationTaskExecutor'
2022-11-12 17:35:18.526 INFO  com.example.config.DemoApplication                       :55   [32m                  [0;39m Starting DemoApplication on LAPTOP-U9H4EPFU with PID 21156 (D:\spring-study\demo\target\classes started by lzz in D:\spring-study\demo)
2022-11-12 17:35:18.529 INFO  com.example.config.DemoApplication                       :651  [32m                  [0;39m No active profile set, falling back to default profiles: default
2022-11-12 17:35:19.097 INFO  o.s.boot.web.embedded.tomcat.TomcatWebServer      :108  [32m                  [0;39m Tomcat initialized with port(s): 8080 (http)
2022-11-12 17:35:19.104 INFO  org.apache.coyote.http11.Http11NioProtocol        :173  [32m                  [0;39m Initializing ProtocolHandler ["http-nio-8080"]
2022-11-12 17:35:19.105 INFO  org.apache.catalina.core.StandardService          :173  [32m                  [0;39m Starting service [Tomcat]
2022-11-12 17:35:19.105 INFO  org.apache.catalina.core.StandardEngine           :173  [32m                  [0;39m Starting Servlet engine: [Apache Tomcat/9.0.41]
2022-11-12 17:35:19.156 INFO  o.a.c.core.ContainerBase.[Tomcat].[localhost].[/] :173  [32m                  [0;39m Initializing Spring embedded WebApplicationContext
2022-11-12 17:35:19.156 INFO  o.s.b.w.s.c.ServletWebServerApplicationContext    :285  [32m                  [0;39m Root WebApplicationContext: initialization completed in 588 ms
2022-11-12 17:35:19.262 INFO  o.s.scheduling.concurrent.ThreadPoolTaskExecutor  :181  [32m                  [0;39m Initializing ExecutorService 'applicationTaskExecutor'
2022-11-12 17:35:19.353 INFO  org.apache.coyote.http11.Http11NioProtocol        :173  [32m                  [0;39m Starting ProtocolHandler ["http-nio-8080"]
2022-11-12 17:35:19.377 INFO  o.s.boot.web.embedded.tomcat.TomcatWebServer      :220  [32m                  [0;39m Tomcat started on port(s): 8080 (http) with context path ''
2022-11-12 17:35:19.385 INFO  com.example.config.DemoApplication                       :61   [32m                  [0;39m Started DemoApplication in 1.172 seconds (JVM running for 1.91)
2022-11-12 17:44:10.999 INFO  o.s.scheduling.concurrent.ThreadPoolTaskExecutor  :218  [32m                  [0;39m Shutting down ExecutorService 'applicationTaskExecutor'
2022-11-12 17:44:16.774 INFO  com.example.config.DemoApplication                       :55   [32m                  [0;39m Starting DemoApplication on LAPTOP-U9H4EPFU with PID 15856 (D:\spring-study\demo\target\classes started by lzz in D:\spring-study\demo)
2022-11-12 17:44:16.778 INFO  com.example.config.DemoApplication                       :651  [32m                  [0;39m No active profile set, falling back to default profiles: default
2022-11-12 17:44:17.421 INFO  o.s.boot.web.embedded.tomcat.TomcatWebServer      :108  [32m                  [0;39m Tomcat initialized with port(s): 8080 (http)
2022-11-12 17:44:17.427 INFO  org.apache.coyote.http11.Http11NioProtocol        :173  [32m                  [0;39m Initializing ProtocolHandler ["http-nio-8080"]
2022-11-12 17:44:17.428 INFO  org.apache.catalina.core.StandardService          :173  [32m                  [0;39m Starting service [Tomcat]
2022-11-12 17:44:17.428 INFO  org.apache.catalina.core.StandardEngine           :173  [32m                  [0;39m Starting Servlet engine: [Apache Tomcat/9.0.41]
2022-11-12 17:44:17.481 INFO  o.a.c.core.ContainerBase.[Tomcat].[localhost].[/] :173  [32m                  [0;39m Initializing Spring embedded WebApplicationContext
2022-11-12 17:44:17.481 INFO  o.s.b.w.s.c.ServletWebServerApplicationContext    :285  [32m                  [0;39m Root WebApplicationContext: initialization completed in 643 ms
2022-11-12 17:44:17.594 INFO  o.s.scheduling.concurrent.ThreadPoolTaskExecutor  :181  [32m                  [0;39m Initializing ExecutorService 'applicationTaskExecutor'
2022-11-12 17:44:17.694 INFO  org.apache.coyote.http11.Http11NioProtocol        :173  [32m                  [0;39m Starting ProtocolHandler ["http-nio-8080"]
2022-11-12 17:44:17.712 INFO  o.s.boot.web.embedded.tomcat.TomcatWebServer      :220  [32m                  [0;39m Tomcat started on port(s): 8080 (http) with context path ''
2022-11-12 17:44:17.721 INFO  com.example.config.DemoApplication                       :61   [32m                  [0;39m Started DemoApplication in 1.398 seconds (JVM running for 2.274)
2022-11-12 17:44:33.061 INFO  o.a.c.core.ContainerBase.[Tomcat].[localhost].[/] :173  [32m                  [0;39m Initializing Spring DispatcherServlet 'dispatcherServlet'
2022-11-12 17:44:33.062 INFO  org.springframework.web.servlet.DispatcherServlet :525  [32m                  [0;39m Initializing Servlet 'dispatcherServlet'
2022-11-12 17:44:33.067 INFO  org.springframework.web.servlet.DispatcherServlet :547  [32m                  [0;39m Completed initialization in 4 ms
2022-11-12 17:49:55.840 INFO  o.s.scheduling.concurrent.ThreadPoolTaskExecutor  :218  [32m                  [0;39m Shutting down ExecutorService 'applicationTaskExecutor'
2022-11-12 17:49:59.330 INFO  com.example.config.DemoApplication                       :55   [32m                  [0;39m Starting DemoApplication on LAPTOP-U9H4EPFU with PID 20272 (D:\spring-study\demo\target\classes started by lzz in D:\spring-study\demo)
2022-11-12 17:49:59.333 INFO  com.example.config.DemoApplication                       :651  [32m                  [0;39m No active profile set, falling back to default profiles: default
2022-11-12 17:49:59.932 INFO  o.s.boot.web.embedded.tomcat.TomcatWebServer      :108  [32m                  [0;39m Tomcat initialized with port(s): 8080 (http)
2022-11-12 17:49:59.939 INFO  org.apache.coyote.http11.Http11NioProtocol        :173  [32m                  [0;39m Initializing ProtocolHandler ["http-nio-8080"]
2022-11-12 17:49:59.939 INFO  org.apache.catalina.core.StandardService          :173  [32m                  [0;39m Starting service [Tomcat]
2022-11-12 17:49:59.940 INFO  org.apache.catalina.core.StandardEngine           :173  [32m                  [0;39m Starting Servlet engine: [Apache Tomcat/9.0.41]
2022-11-12 17:49:59.990 INFO  o.a.c.core.ContainerBase.[Tomcat].[localhost].[/] :173  [32m                  [0;39m Initializing Spring embedded WebApplicationContext
2022-11-12 17:49:59.991 INFO  o.s.b.w.s.c.ServletWebServerApplicationContext    :285  [32m                  [0;39m Root WebApplicationContext: initialization completed in 623 ms
2022-11-12 17:50:00.101 INFO  o.s.scheduling.concurrent.ThreadPoolTaskExecutor  :181  [32m                  [0;39m Initializing ExecutorService 'applicationTaskExecutor'
2022-11-12 17:50:00.188 INFO  org.apache.coyote.http11.Http11NioProtocol        :173  [32m                  [0;39m Starting ProtocolHandler ["http-nio-8080"]
2022-11-12 17:50:00.205 INFO  o.s.boot.web.embedded.tomcat.TomcatWebServer      :220  [32m                  [0;39m Tomcat started on port(s): 8080 (http) with context path ''
2022-11-12 17:50:00.214 INFO  com.example.config.DemoApplication                       :61   [32m                  [0;39m Started DemoApplication in 1.229 seconds (JVM running for 1.999)
2022-11-12 17:50:03.790 INFO  o.a.c.core.ContainerBase.[Tomcat].[localhost].[/] :173  [32m                  [0;39m Initializing Spring DispatcherServlet 'dispatcherServlet'
2022-11-12 17:50:03.791 INFO  org.springframework.web.servlet.DispatcherServlet :525  [32m                  [0;39m Initializing Servlet 'dispatcherServlet'
2022-11-12 17:50:03.796 INFO  org.springframework.web.servlet.DispatcherServlet :547  [32m                  [0;39m Completed initialization in 5 ms
2022-11-12 17:54:10.876 INFO  o.s.scheduling.concurrent.ThreadPoolTaskExecutor  :218  [32m                  [0;39m Shutting down ExecutorService 'applicationTaskExecutor'
2022-11-12 17:54:17.232 INFO  com.example.config.DemoApplication                       :55   [32m                  [0;39m Starting DemoApplication on LAPTOP-U9H4EPFU with PID 15020 (D:\spring-study\demo\target\classes started by lzz in D:\spring-study\demo)
2022-11-12 17:54:17.235 INFO  com.example.config.DemoApplication                       :651  [32m                  [0;39m No active profile set, falling back to default profiles: default
2022-11-12 17:54:17.826 INFO  o.s.boot.web.embedded.tomcat.TomcatWebServer      :108  [32m                  [0;39m Tomcat initialized with port(s): 8080 (http)
2022-11-12 17:54:17.834 INFO  org.apache.coyote.http11.Http11NioProtocol        :173  [32m                  [0;39m Initializing ProtocolHandler ["http-nio-8080"]
2022-11-12 17:54:17.834 INFO  org.apache.catalina.core.StandardService          :173  [32m                  [0;39m Starting service [Tomcat]
2022-11-12 17:54:17.834 INFO  org.apache.catalina.core.StandardEngine           :173  [32m                  [0;39m Starting Servlet engine: [Apache Tomcat/9.0.41]
2022-11-12 17:54:17.886 INFO  o.a.c.core.ContainerBase.[Tomcat].[localhost].[/] :173  [32m                  [0;39m Initializing Spring embedded WebApplicationContext
2022-11-12 17:54:17.886 INFO  o.s.b.w.s.c.ServletWebServerApplicationContext    :285  [32m                  [0;39m Root WebApplicationContext: initialization completed in 610 ms
2022-11-12 17:54:17.995 INFO  o.s.scheduling.concurrent.ThreadPoolTaskExecutor  :181  [32m                  [0;39m Initializing ExecutorService 'applicationTaskExecutor'
2022-11-12 17:54:18.090 INFO  org.apache.coyote.http11.Http11NioProtocol        :173  [32m                  [0;39m Starting ProtocolHandler ["http-nio-8080"]
2022-11-12 17:54:18.106 INFO  o.s.boot.web.embedded.tomcat.TomcatWebServer      :220  [32m                  [0;39m Tomcat started on port(s): 8080 (http) with context path ''
2022-11-12 17:54:18.115 INFO  com.example.config.DemoApplication                       :61   [32m                  [0;39m Started DemoApplication in 1.224 seconds (JVM running for 1.992)
2022-11-12 17:54:25.776 INFO  o.a.c.core.ContainerBase.[Tomcat].[localhost].[/] :173  [32m                  [0;39m Initializing Spring DispatcherServlet 'dispatcherServlet'
2022-11-12 17:54:25.777 INFO  org.springframework.web.servlet.DispatcherServlet :525  [32m                  [0;39m Initializing Servlet 'dispatcherServlet'
2022-11-12 17:54:25.794 INFO  org.springframework.web.servlet.DispatcherServlet :547  [32m                  [0;39m Completed initialization in 16 ms
2022-11-12 18:00:05.707 INFO  o.s.scheduling.concurrent.ThreadPoolTaskExecutor  :218  [32m                  [0;39m Shutting down ExecutorService 'applicationTaskExecutor'
2022-11-12 18:00:09.215 INFO  com.example.config.DemoApplication                :55   [32m                  [0;39m Starting DemoApplication on LAPTOP-U9H4EPFU with PID 15108 (D:\spring-study\demo\target\classes started by lzz in D:\spring-study\demo)
2022-11-12 18:00:09.218 INFO  com.example.config.DemoApplication                :651  [32m                  [0;39m No active profile set, falling back to default profiles: default
2022-11-12 18:00:09.819 INFO  o.s.boot.web.embedded.tomcat.TomcatWebServer      :108  [32m                  [0;39m Tomcat initialized with port(s): 8080 (http)
2022-11-12 18:00:09.826 INFO  org.apache.coyote.http11.Http11NioProtocol        :173  [32m                  [0;39m Initializing ProtocolHandler ["http-nio-8080"]
2022-11-12 18:00:09.826 INFO  org.apache.catalina.core.StandardService          :173  [32m                  [0;39m Starting service [Tomcat]
2022-11-12 18:00:09.827 INFO  org.apache.catalina.core.StandardEngine           :173  [32m                  [0;39m Starting Servlet engine: [Apache Tomcat/9.0.41]
2022-11-12 18:00:09.879 INFO  o.a.c.core.ContainerBase.[Tomcat].[localhost].[/] :173  [32m                  [0;39m Initializing Spring embedded WebApplicationContext
2022-11-12 18:00:09.879 INFO  o.s.b.w.s.c.ServletWebServerApplicationContext    :285  [32m                  [0;39m Root WebApplicationContext: initialization completed in 622 ms
2022-11-12 18:00:09.986 INFO  o.s.scheduling.concurrent.ThreadPoolTaskExecutor  :181  [32m                  [0;39m Initializing ExecutorService 'applicationTaskExecutor'
2022-11-12 18:00:10.081 INFO  org.apache.coyote.http11.Http11NioProtocol        :173  [32m                  [0;39m Starting ProtocolHandler ["http-nio-8080"]
2022-11-12 18:00:10.097 INFO  o.s.boot.web.embedded.tomcat.TomcatWebServer      :220  [32m                  [0;39m Tomcat started on port(s): 8080 (http) with context path ''
2022-11-12 18:00:10.106 INFO  com.example.config.DemoApplication                :61   [32m                  [0;39m Started DemoApplication in 1.226 seconds (JVM running for 1.986)
2022-11-12 18:00:15.819 INFO  o.a.c.core.ContainerBase.[Tomcat].[localhost].[/] :173  [32m                  [0;39m Initializing Spring DispatcherServlet 'dispatcherServlet'
2022-11-12 18:00:15.820 INFO  org.springframework.web.servlet.DispatcherServlet :525  [32m                  [0;39m Initializing Servlet 'dispatcherServlet'
2022-11-12 18:00:15.832 INFO  org.springframework.web.servlet.DispatcherServlet :547  [32m                  [0;39m Completed initialization in 12 ms
2022-11-12 18:00:32.283 INFO  o.s.scheduling.concurrent.ThreadPoolTaskExecutor  :218  [32m                  [0;39m Shutting down ExecutorService 'applicationTaskExecutor'
2022-11-12 18:00:35.882 INFO  com.example.config.DemoApplication                :55   [32m                  [0;39m Starting DemoApplication on LAPTOP-U9H4EPFU with PID 10740 (D:\spring-study\demo\target\classes started by lzz in D:\spring-study\demo)
2022-11-12 18:00:35.885 INFO  com.example.config.DemoApplication                :651  [32m                  [0;39m No active profile set, falling back to default profiles: default
2022-11-12 18:00:36.464 INFO  o.s.boot.web.embedded.tomcat.TomcatWebServer      :108  [32m                  [0;39m Tomcat initialized with port(s): 8080 (http)
2022-11-12 18:00:36.471 INFO  org.apache.coyote.http11.Http11NioProtocol        :173  [32m                  [0;39m Initializing ProtocolHandler ["http-nio-8080"]
2022-11-12 18:00:36.471 INFO  org.apache.catalina.core.StandardService          :173  [32m                  [0;39m Starting service [Tomcat]
2022-11-12 18:00:36.471 INFO  org.apache.catalina.core.StandardEngine           :173  [32m                  [0;39m Starting Servlet engine: [Apache Tomcat/9.0.41]
2022-11-12 18:00:36.524 INFO  o.a.c.core.ContainerBase.[Tomcat].[localhost].[/] :173  [32m                  [0;39m Initializing Spring embedded WebApplicationContext
2022-11-12 18:00:36.524 INFO  o.s.b.w.s.c.ServletWebServerApplicationContext    :285  [32m                  [0;39m Root WebApplicationContext: initialization completed in 598 ms
2022-11-12 18:00:36.688 INFO  o.s.scheduling.concurrent.ThreadPoolTaskExecutor  :181  [32m                  [0;39m Initializing ExecutorService 'applicationTaskExecutor'
2022-11-12 18:00:36.810 INFO  org.apache.coyote.http11.Http11NioProtocol        :173  [32m                  [0;39m Starting ProtocolHandler ["http-nio-8080"]
2022-11-12 18:00:36.832 INFO  o.s.boot.web.embedded.tomcat.TomcatWebServer      :220  [32m                  [0;39m Tomcat started on port(s): 8080 (http) with context path ''
2022-11-12 18:00:36.849 INFO  com.example.config.DemoApplication                :61   [32m                  [0;39m Started DemoApplication in 1.349 seconds (JVM running for 2.181)
2022-11-12 18:00:41.181 INFO  o.a.c.core.ContainerBase.[Tomcat].[localhost].[/] :173  [32m                  [0;39m Initializing Spring DispatcherServlet 'dispatcherServlet'
2022-11-12 18:00:41.182 INFO  org.springframework.web.servlet.DispatcherServlet :525  [32m                  [0;39m Initializing Servlet 'dispatcherServlet'
2022-11-12 18:00:41.193 INFO  org.springframework.web.servlet.DispatcherServlet :547  [32m                  [0;39m Completed initialization in 11 ms
2022-11-12 18:01:03.498 INFO  o.s.scheduling.concurrent.ThreadPoolTaskExecutor  :218  [32m                  [0;39m Shutting down ExecutorService 'applicationTaskExecutor'
2022-11-12 18:01:06.906 INFO  com.example.config.DemoApplication                :55   [32m                  [0;39m Starting DemoApplication on LAPTOP-U9H4EPFU with PID 19316 (D:\spring-study\demo\target\classes started by lzz in D:\spring-study\demo)
2022-11-12 18:01:06.909 INFO  com.example.config.DemoApplication                :651  [32m                  [0;39m No active profile set, falling back to default profiles: default
2022-11-12 18:01:07.555 INFO  o.s.boot.web.embedded.tomcat.TomcatWebServer      :108  [32m                  [0;39m Tomcat initialized with port(s): 8080 (http)
2022-11-12 18:01:07.564 INFO  org.apache.coyote.http11.Http11NioProtocol        :173  [32m                  [0;39m Initializing ProtocolHandler ["http-nio-8080"]
2022-11-12 18:01:07.564 INFO  org.apache.catalina.core.StandardService          :173  [32m                  [0;39m Starting service [Tomcat]
2022-11-12 18:01:07.565 INFO  org.apache.catalina.core.StandardEngine           :173  [32m                  [0;39m Starting Servlet engine: [Apache Tomcat/9.0.41]
2022-11-12 18:01:07.622 INFO  o.a.c.core.ContainerBase.[Tomcat].[localhost].[/] :173  [32m                  [0;39m Initializing Spring embedded WebApplicationContext
2022-11-12 18:01:07.623 INFO  o.s.b.w.s.c.ServletWebServerApplicationContext    :285  [32m                  [0;39m Root WebApplicationContext: initialization completed in 673 ms
2022-11-12 18:01:07.750 INFO  o.s.scheduling.concurrent.ThreadPoolTaskExecutor  :181  [32m                  [0;39m Initializing ExecutorService 'applicationTaskExecutor'
2022-11-12 18:01:07.868 INFO  org.apache.coyote.http11.Http11NioProtocol        :173  [32m                  [0;39m Starting ProtocolHandler ["http-nio-8080"]
2022-11-12 18:01:07.887 INFO  o.s.boot.web.embedded.tomcat.TomcatWebServer      :220  [32m                  [0;39m Tomcat started on port(s): 8080 (http) with context path ''
2022-11-12 18:01:07.896 INFO  com.example.config.DemoApplication                :61   [32m                  [0;39m Started DemoApplication in 1.332 seconds (JVM running for 2.104)
2022-11-12 18:01:08.771 INFO  o.a.c.core.ContainerBase.[Tomcat].[localhost].[/] :173  [32m                  [0;39m Initializing Spring DispatcherServlet 'dispatcherServlet'
2022-11-12 18:01:08.771 INFO  org.springframework.web.servlet.DispatcherServlet :525  [32m                  [0;39m Initializing Servlet 'dispatcherServlet'
2022-11-12 18:01:08.789 INFO  org.springframework.web.servlet.DispatcherServlet :547  [32m                  [0;39m Completed initialization in 17 ms
2022-11-12 18:13:01.345 INFO  o.s.scheduling.concurrent.ThreadPoolTaskExecutor  :218  [32m                  [0;39m Shutting down ExecutorService 'applicationTaskExecutor'
2022-11-12 18:13:04.924 INFO  com.example.config.DemoApplication                :55   [32m                  [0;39m Starting DemoApplication on LAPTOP-U9H4EPFU with PID 19768 (D:\spring-study\demo\target\classes started by lzz in D:\spring-study\demo)
2022-11-12 18:13:04.927 INFO  com.example.config.DemoApplication                :651  [32m                  [0;39m No active profile set, falling back to default profiles: default
2022-11-12 18:13:05.492 INFO  o.s.boot.web.embedded.tomcat.TomcatWebServer      :108  [32m                  [0;39m Tomcat initialized with port(s): 8080 (http)
2022-11-12 18:13:05.498 INFO  org.apache.coyote.http11.Http11NioProtocol        :173  [32m                  [0;39m Initializing ProtocolHandler ["http-nio-8080"]
2022-11-12 18:13:05.498 INFO  org.apache.catalina.core.StandardService          :173  [32m                  [0;39m Starting service [Tomcat]
2022-11-12 18:13:05.498 INFO  org.apache.catalina.core.StandardEngine           :173  [32m                  [0;39m Starting Servlet engine: [Apache Tomcat/9.0.41]
2022-11-12 18:13:05.548 INFO  o.a.c.core.ContainerBase.[Tomcat].[localhost].[/] :173  [32m                  [0;39m Initializing Spring embedded WebApplicationContext
2022-11-12 18:13:05.548 INFO  o.s.b.w.s.c.ServletWebServerApplicationContext    :285  [32m                  [0;39m Root WebApplicationContext: initialization completed in 585 ms
2022-11-12 18:13:05.651 INFO  o.s.scheduling.concurrent.ThreadPoolTaskExecutor  :181  [32m                  [0;39m Initializing ExecutorService 'applicationTaskExecutor'
2022-11-12 18:13:05.748 INFO  org.apache.coyote.http11.Http11NioProtocol        :173  [32m                  [0;39m Starting ProtocolHandler ["http-nio-8080"]
2022-11-12 18:13:05.765 INFO  o.s.boot.web.embedded.tomcat.TomcatWebServer      :220  [32m                  [0;39m Tomcat started on port(s): 8080 (http) with context path ''
2022-11-12 18:13:05.774 INFO  com.example.config.DemoApplication                :61   [32m                  [0;39m Started DemoApplication in 1.176 seconds (JVM running for 1.92)
2022-11-12 18:13:09.947 INFO  o.a.c.core.ContainerBase.[Tomcat].[localhost].[/] :173  [32m                  [0;39m Initializing Spring DispatcherServlet 'dispatcherServlet'
2022-11-12 18:13:09.948 INFO  org.springframework.web.servlet.DispatcherServlet :525  [32m                  [0;39m Initializing Servlet 'dispatcherServlet'
2022-11-12 18:13:09.955 INFO  org.springframework.web.servlet.DispatcherServlet :547  [32m                  [0;39m Completed initialization in 7 ms
2022-11-12 18:21:06.957 INFO  o.s.scheduling.concurrent.ThreadPoolTaskExecutor  :218  [32m                  [0;39m Shutting down ExecutorService 'applicationTaskExecutor'
2022-11-12 18:21:09.768 INFO  com.example.config.DemoApplication                :55   [32m                  [0;39m Starting DemoApplication on LAPTOP-U9H4EPFU with PID 18932 (D:\spring-study\demo\target\classes started by lzz in D:\spring-study\demo)
2022-11-12 18:21:09.772 INFO  com.example.config.DemoApplication                :651  [32m                  [0;39m No active profile set, falling back to default profiles: default
2022-11-12 18:21:10.539 INFO  o.s.boot.web.embedded.tomcat.TomcatWebServer      :108  [32m                  [0;39m Tomcat initialized with port(s): 8081 (http)
2022-11-12 18:21:10.544 INFO  org.apache.coyote.http11.Http11NioProtocol        :173  [32m                  [0;39m Initializing ProtocolHandler ["http-nio-8081"]
2022-11-12 18:21:10.545 INFO  org.apache.catalina.core.StandardService          :173  [32m                  [0;39m Starting service [Tomcat]
2022-11-12 18:21:10.545 INFO  org.apache.catalina.core.StandardEngine           :173  [32m                  [0;39m Starting Servlet engine: [Apache Tomcat/9.0.41]
2022-11-12 18:21:10.597 INFO  o.a.c.core.ContainerBase.[Tomcat].[localhost].[/] :173  [32m                  [0;39m Initializing Spring embedded WebApplicationContext
2022-11-12 18:21:10.597 INFO  o.s.b.w.s.c.ServletWebServerApplicationContext    :285  [32m                  [0;39m Root WebApplicationContext: initialization completed in 771 ms
2022-11-12 18:21:10.707 INFO  o.s.scheduling.concurrent.ThreadPoolTaskExecutor  :181  [32m                  [0;39m Initializing ExecutorService 'applicationTaskExecutor'
2022-11-12 18:21:10.799 INFO  org.apache.coyote.http11.Http11NioProtocol        :173  [32m                  [0;39m Starting ProtocolHandler ["http-nio-8081"]
2022-11-12 18:21:10.815 INFO  o.s.boot.web.embedded.tomcat.TomcatWebServer      :220  [32m                  [0;39m Tomcat started on port(s): 8081 (http) with context path ''
2022-11-12 18:21:10.824 INFO  com.example.config.DemoApplication                :61   [32m                  [0;39m Started DemoApplication in 1.402 seconds (JVM running for 2.153)
2022-11-12 18:21:19.334 INFO  o.a.c.core.ContainerBase.[Tomcat].[localhost].[/] :173  [32m                  [0;39m Initializing Spring DispatcherServlet 'dispatcherServlet'
2022-11-12 18:21:19.335 INFO  org.springframework.web.servlet.DispatcherServlet :525  [32m                  [0;39m Initializing Servlet 'dispatcherServlet'
2022-11-12 18:21:19.340 INFO  org.springframework.web.servlet.DispatcherServlet :547  [32m                  [0;39m Completed initialization in 5 ms
2022-11-12 18:23:46.172 INFO  o.s.scheduling.concurrent.ThreadPoolTaskExecutor  :218  [32m                  [0;39m Shutting down ExecutorService 'applicationTaskExecutor'
2022-11-12 18:23:49.094 INFO  com.example.config.DemoApplication                :55   [32m                  [0;39m Starting DemoApplication on LAPTOP-U9H4EPFU with PID 2108 (D:\spring-study\demo\target\classes started by lzz in D:\spring-study\demo)
2022-11-12 18:23:49.096 INFO  com.example.config.DemoApplication                :651  [32m                  [0;39m No active profile set, falling back to default profiles: default
2022-11-12 18:23:49.659 INFO  o.s.boot.web.embedded.tomcat.TomcatWebServer      :108  [32m                  [0;39m Tomcat initialized with port(s): 8080 (http)
2022-11-12 18:23:49.666 INFO  org.apache.coyote.http11.Http11NioProtocol        :173  [32m                  [0;39m Initializing ProtocolHandler ["http-nio-8080"]
2022-11-12 18:23:49.667 INFO  org.apache.catalina.core.StandardService          :173  [32m                  [0;39m Starting service [Tomcat]
2022-11-12 18:23:49.667 INFO  org.apache.catalina.core.StandardEngine           :173  [32m                  [0;39m Starting Servlet engine: [Apache Tomcat/9.0.41]
2022-11-12 18:23:49.718 INFO  o.a.c.core.ContainerBase.[Tomcat].[localhost].[/] :173  [32m                  [0;39m Initializing Spring embedded WebApplicationContext
2022-11-12 18:23:49.718 INFO  o.s.b.w.s.c.ServletWebServerApplicationContext    :285  [32m                  [0;39m Root WebApplicationContext: initialization completed in 588 ms
2022-11-12 18:23:49.824 INFO  o.s.scheduling.concurrent.ThreadPoolTaskExecutor  :181  [32m                  [0;39m Initializing ExecutorService 'applicationTaskExecutor'
2022-11-12 18:23:49.925 INFO  org.apache.coyote.http11.Http11NioProtocol        :173  [32m                  [0;39m Starting ProtocolHandler ["http-nio-8080"]
2022-11-12 18:23:49.942 INFO  o.s.boot.web.embedded.tomcat.TomcatWebServer      :220  [32m                  [0;39m Tomcat started on port(s): 8080 (http) with context path ''
2022-11-12 18:23:49.952 INFO  com.example.config.DemoApplication                :61   [32m                  [0;39m Started DemoApplication in 1.209 seconds (JVM running for 1.947)
2022-11-12 18:24:36.481 INFO  o.s.scheduling.concurrent.ThreadPoolTaskExecutor  :218  [32m                  [0;39m Shutting down ExecutorService 'applicationTaskExecutor'
2022-11-12 18:24:39.301 INFO  com.example.config.DemoApplication                :55   [32m                  [0;39m Starting DemoApplication on LAPTOP-U9H4EPFU with PID 20524 (D:\spring-study\demo\target\classes started by lzz in D:\spring-study\demo)
2022-11-12 18:24:39.303 INFO  com.example.config.DemoApplication                :651  [32m                  [0;39m No active profile set, falling back to default profiles: default
2022-11-12 18:24:39.855 INFO  o.s.boot.web.embedded.tomcat.TomcatWebServer      :108  [32m                  [0;39m Tomcat initialized with port(s): 8082 (http)
2022-11-12 18:24:39.861 INFO  org.apache.coyote.http11.Http11NioProtocol        :173  [32m                  [0;39m Initializing ProtocolHandler ["http-nio-8082"]
2022-11-12 18:24:39.861 INFO  org.apache.catalina.core.StandardService          :173  [32m                  [0;39m Starting service [Tomcat]
2022-11-12 18:24:39.861 INFO  org.apache.catalina.core.StandardEngine           :173  [32m                  [0;39m Starting Servlet engine: [Apache Tomcat/9.0.41]
2022-11-12 18:24:39.917 INFO  o.a.c.core.ContainerBase.[Tomcat].[localhost].[/] :173  [32m                  [0;39m Initializing Spring embedded WebApplicationContext
2022-11-12 18:24:39.917 INFO  o.s.b.w.s.c.ServletWebServerApplicationContext    :285  [32m                  [0;39m Root WebApplicationContext: initialization completed in 578 ms
2022-11-12 18:24:40.024 INFO  o.s.scheduling.concurrent.ThreadPoolTaskExecutor  :181  [32m                  [0;39m Initializing ExecutorService 'applicationTaskExecutor'
2022-11-12 18:24:40.114 INFO  org.apache.coyote.http11.Http11NioProtocol        :173  [32m                  [0;39m Starting ProtocolHandler ["http-nio-8082"]
2022-11-12 18:24:40.132 INFO  o.s.boot.web.embedded.tomcat.TomcatWebServer      :220  [32m                  [0;39m Tomcat started on port(s): 8082 (http) with context path ''
2022-11-12 18:24:40.141 INFO  com.example.config.DemoApplication                :61   [32m                  [0;39m Started DemoApplication in 1.193 seconds (JVM running for 1.997)
2022-11-12 18:24:42.621 INFO  o.a.c.core.ContainerBase.[Tomcat].[localhost].[/] :173  [32m                  [0;39m Initializing Spring DispatcherServlet 'dispatcherServlet'
2022-11-12 18:24:42.622 INFO  org.springframework.web.servlet.DispatcherServlet :525  [32m                  [0;39m Initializing Servlet 'dispatcherServlet'
2022-11-12 18:24:42.627 INFO  org.springframework.web.servlet.DispatcherServlet :547  [32m                  [0;39m Completed initialization in 5 ms
2022-11-12 18:33:06.063 INFO  o.s.scheduling.concurrent.ThreadPoolTaskExecutor  :218  [32m                  [0;39m Shutting down ExecutorService 'applicationTaskExecutor'
2022-11-12 18:34:09.465 INFO  com.example.config.DemoApplication                :55   [32m                  [0;39m Starting DemoApplication on LAPTOP-U9H4EPFU with PID 6076 (D:\spring-study\demo\target\classes started by lzz in D:\spring-study\demo)
2022-11-12 18:34:09.467 INFO  com.example.config.DemoApplication                :651  [32m                  [0;39m No active profile set, falling back to default profiles: default
2022-11-12 18:34:10.034 INFO  o.s.boot.web.embedded.tomcat.TomcatWebServer      :108  [32m                  [0;39m Tomcat initialized with port(s): 8081 (http)
2022-11-12 18:34:10.040 INFO  org.apache.coyote.http11.Http11NioProtocol        :173  [32m                  [0;39m Initializing ProtocolHandler ["http-nio-8081"]
2022-11-12 18:34:10.040 INFO  org.apache.catalina.core.StandardService          :173  [32m                  [0;39m Starting service [Tomcat]
2022-11-12 18:34:10.041 INFO  org.apache.catalina.core.StandardEngine           :173  [32m                  [0;39m Starting Servlet engine: [Apache Tomcat/9.0.41]
2022-11-12 18:34:10.089 INFO  o.a.c.core.ContainerBase.[Tomcat].[localhost].[/] :173  [32m                  [0;39m Initializing Spring embedded WebApplicationContext
2022-11-12 18:34:10.089 INFO  o.s.b.w.s.c.ServletWebServerApplicationContext    :285  [32m                  [0;39m Root WebApplicationContext: initialization completed in 584 ms
2022-11-12 18:34:10.193 INFO  o.s.scheduling.concurrent.ThreadPoolTaskExecutor  :181  [32m                  [0;39m Initializing ExecutorService 'applicationTaskExecutor'
2022-11-12 18:34:10.281 INFO  org.apache.coyote.http11.Http11NioProtocol        :173  [32m                  [0;39m Starting ProtocolHandler ["http-nio-8081"]
2022-11-12 18:34:10.297 INFO  o.s.boot.web.embedded.tomcat.TomcatWebServer      :220  [32m                  [0;39m Tomcat started on port(s): 8081 (http) with context path ''
2022-11-12 18:34:10.306 INFO  com.example.config.DemoApplication                :61   [32m                  [0;39m Started DemoApplication in 1.184 seconds (JVM running for 1.912)
2022-11-12 18:34:37.221 INFO  o.a.c.core.ContainerBase.[Tomcat].[localhost].[/] :173  [32m                  [0;39m Initializing Spring DispatcherServlet 'dispatcherServlet'
2022-11-12 18:34:37.222 INFO  org.springframework.web.servlet.DispatcherServlet :525  [32m                  [0;39m Initializing Servlet 'dispatcherServlet'
2022-11-12 18:34:37.226 INFO  org.springframework.web.servlet.DispatcherServlet :547  [32m                  [0;39m Completed initialization in 4 ms
2022-11-12 18:38:06.580 INFO  o.s.scheduling.concurrent.ThreadPoolTaskExecutor  :218  [32m                  [0;39m Shutting down ExecutorService 'applicationTaskExecutor'
2022-11-12 18:38:10.141 INFO  com.example.config.DemoApplication                :55   [32m                  [0;39m Starting DemoApplication on LAPTOP-U9H4EPFU with PID 20848 (D:\spring-study\demo\target\classes started by lzz in D:\spring-study\demo)
2022-11-12 18:38:10.144 INFO  com.example.config.DemoApplication                :651  [32m                  [0;39m No active profile set, falling back to default profiles: default
2022-11-12 18:38:10.705 INFO  o.s.boot.web.embedded.tomcat.TomcatWebServer      :108  [32m                  [0;39m Tomcat initialized with port(s): 8081 (http)
2022-11-12 18:38:10.712 INFO  org.apache.coyote.http11.Http11NioProtocol        :173  [32m                  [0;39m Initializing ProtocolHandler ["http-nio-8081"]
2022-11-12 18:38:10.712 INFO  org.apache.catalina.core.StandardService          :173  [32m                  [0;39m Starting service [Tomcat]
2022-11-12 18:38:10.712 INFO  org.apache.catalina.core.StandardEngine           :173  [32m                  [0;39m Starting Servlet engine: [Apache Tomcat/9.0.41]
2022-11-12 18:38:10.767 INFO  o.a.c.core.ContainerBase.[Tomcat].[localhost].[/] :173  [32m                  [0;39m Initializing Spring embedded WebApplicationContext
2022-11-12 18:38:10.767 INFO  o.s.b.w.s.c.ServletWebServerApplicationContext    :285  [32m                  [0;39m Root WebApplicationContext: initialization completed in 589 ms
2022-11-12 18:38:10.873 INFO  o.s.scheduling.concurrent.ThreadPoolTaskExecutor  :181  [32m                  [0;39m Initializing ExecutorService 'applicationTaskExecutor'
2022-11-12 18:38:10.965 INFO  org.apache.coyote.http11.Http11NioProtocol        :173  [32m                  [0;39m Starting ProtocolHandler ["http-nio-8081"]
2022-11-12 18:38:10.984 INFO  o.s.boot.web.embedded.tomcat.TomcatWebServer      :220  [32m                  [0;39m Tomcat started on port(s): 8081 (http) with context path ''
2022-11-12 18:38:10.992 INFO  com.example.config.DemoApplication                :61   [32m                  [0;39m Started DemoApplication in 1.201 seconds (JVM running for 1.936)
2022-11-12 18:38:22.072 INFO  o.a.c.core.ContainerBase.[Tomcat].[localhost].[/] :173  [32m                  [0;39m Initializing Spring DispatcherServlet 'dispatcherServlet'
2022-11-12 18:38:22.073 INFO  org.springframework.web.servlet.DispatcherServlet :525  [32m                  [0;39m Initializing Servlet 'dispatcherServlet'
2022-11-12 18:38:22.078 INFO  org.springframework.web.servlet.DispatcherServlet :547  [32m                  [0;39m Completed initialization in 5 ms
2022-11-12 20:23:24.251 INFO  o.s.scheduling.concurrent.ThreadPoolTaskExecutor  :218  [32m                  [0;39m Shutting down ExecutorService 'applicationTaskExecutor'
2022-11-12 20:23:28.842 INFO  com.example.config.DemoApplication                :55   [32m                  [0;39m Starting DemoApplication on LAPTOP-U9H4EPFU with PID 21128 (D:\spring-study\demo\target\classes started by lzz in D:\spring-study\demo)
2022-11-12 20:23:28.845 INFO  com.example.config.DemoApplication                :651  [32m                  [0;39m No active profile set, falling back to default profiles: default
2022-11-12 20:23:29.418 INFO  o.s.boot.web.embedded.tomcat.TomcatWebServer      :108  [32m                  [0;39m Tomcat initialized with port(s): 8081 (http)
2022-11-12 20:23:29.425 INFO  org.apache.coyote.http11.Http11NioProtocol        :173  [32m                  [0;39m Initializing ProtocolHandler ["http-nio-8081"]
2022-11-12 20:23:29.426 INFO  org.apache.catalina.core.StandardService          :173  [32m                  [0;39m Starting service [Tomcat]
2022-11-12 20:23:29.426 INFO  org.apache.catalina.core.StandardEngine           :173  [32m                  [0;39m Starting Servlet engine: [Apache Tomcat/9.0.41]
2022-11-12 20:23:29.476 INFO  o.a.c.core.ContainerBase.[Tomcat].[localhost].[/] :173  [32m                  [0;39m Initializing Spring embedded WebApplicationContext
2022-11-12 20:23:29.476 INFO  o.s.b.w.s.c.ServletWebServerApplicationContext    :285  [32m                  [0;39m Root WebApplicationContext: initialization completed in 597 ms
2022-11-12 20:23:29.583 INFO  o.s.scheduling.concurrent.ThreadPoolTaskExecutor  :181  [32m                  [0;39m Initializing ExecutorService 'applicationTaskExecutor'
2022-11-12 20:23:29.690 INFO  org.apache.coyote.http11.Http11NioProtocol        :173  [32m                  [0;39m Starting ProtocolHandler ["http-nio-8081"]
2022-11-12 20:23:29.710 INFO  o.s.boot.web.embedded.tomcat.TomcatWebServer      :220  [32m                  [0;39m Tomcat started on port(s): 8081 (http) with context path ''
2022-11-12 20:23:29.719 INFO  com.example.config.DemoApplication                :61   [32m                  [0;39m Started DemoApplication in 1.256 seconds (JVM running for 2.03)
2022-11-12 20:26:26.475 INFO  o.s.scheduling.concurrent.ThreadPoolTaskExecutor  :218  [32m                  [0;39m Shutting down ExecutorService 'applicationTaskExecutor'
2022-11-12 20:52:29.739 INFO  org.hibernate.validator.internal.util.Version     :21   [32m                  [0;39m HV000001: Hibernate Validator 6.1.6.Final
2022-11-12 20:52:29.746 INFO  com.example.config.DemoApplication                :55   [32m                  [0;39m Starting DemoApplication using Java 11.0.15 on LAPTOP-U9H4EPFU with PID 25128 (D:\spring-study\demo\target\classes started by lzz in D:\spring-study\demo)
2022-11-12 20:52:29.747 INFO  com.example.config.DemoApplication                :660  [32m                  [0;39m No active profile set, falling back to default profiles: default
2022-11-12 20:52:29.783 INFO  o.s.b.d.env.DevToolsPropertyDefaultsPostProcessor :255  [32m                  [0;39m Devtools property defaults active! Set 'spring.devtools.add-properties' to 'false' to disable
2022-11-12 20:52:29.784 INFO  o.s.b.d.env.DevToolsPropertyDefaultsPostProcessor :255  [32m                  [0;39m For additional web related logging consider setting the 'logging.level.web' property to 'DEBUG'
2022-11-12 20:52:30.355 INFO  o.s.d.r.config.RepositoryConfigurationDelegate    :250  [32m                  [0;39m Multiple Spring Data modules found, entering strict repository configuration mode!
2022-11-12 20:52:30.358 INFO  o.s.d.r.config.RepositoryConfigurationDelegate    :128  [32m                  [0;39m Bootstrapping Spring Data Redis repositories in DEFAULT mode.
2022-11-12 20:52:30.376 INFO  o.s.d.r.config.RepositoryConfigurationDelegate    :188  [32m                  [0;39m Finished Spring Data repository scanning in 5 ms. Found 0 Redis repository interfaces.
2022-11-12 20:52:30.477 WARN  org.mybatis.spring.mapper.ClassPathMapperScanner  :44   [32m                  [0;39m No MyBatis mapper was found in '[com.example.config]' package. Please check your configuration.
2022-11-12 20:52:30.819 INFO  o.s.boot.web.embedded.tomcat.TomcatWebServer      :108  [32m                  [0;39m Tomcat initialized with port(s): 8081 (http)
2022-11-12 20:52:30.827 INFO  org.apache.coyote.http11.Http11NioProtocol        :173  [32m                  [0;39m Initializing ProtocolHandler ["http-nio-8081"]
2022-11-12 20:52:30.828 INFO  org.apache.catalina.core.StandardService          :173  [32m                  [0;39m Starting service [Tomcat]
2022-11-12 20:52:30.828 INFO  org.apache.catalina.core.StandardEngine           :173  [32m                  [0;39m Starting Servlet engine: [Apache Tomcat/9.0.39]
2022-11-12 20:52:30.889 INFO  o.a.c.core.ContainerBase.[Tomcat].[localhost].[/] :173  [32m                  [0;39m Initializing Spring embedded WebApplicationContext
2022-11-12 20:52:30.889 INFO  o.s.b.w.s.c.ServletWebServerApplicationContext    :289  [32m                  [0;39m Root WebApplicationContext: initialization completed in 1104 ms
2022-11-12 20:52:31.039 INFO  o.s.scheduling.concurrent.ThreadPoolTaskExecutor  :181  [32m                  [0;39m Initializing ExecutorService 'applicationTaskExecutor'
2022-11-12 20:52:31.576 INFO  o.s.b.d.autoconfigure.OptionalLiveReloadServer    :58   [32m                  [0;39m LiveReload server is running on port 35729
2022-11-12 20:52:31.596 INFO  org.apache.coyote.http11.Http11NioProtocol        :173  [32m                  [0;39m Starting ProtocolHandler ["http-nio-8081"]
2022-11-12 20:52:31.617 INFO  o.s.boot.web.embedded.tomcat.TomcatWebServer      :220  [32m                  [0;39m Tomcat started on port(s): 8081 (http) with context path ''
2022-11-12 20:52:31.630 INFO  com.example.config.DemoApplication                :61   [32m                  [0;39m Started DemoApplication in 2.286 seconds (JVM running for 3.174)
2022-11-12 20:52:57.722 INFO  o.s.scheduling.concurrent.ThreadPoolTaskExecutor  :218  [32m                  [0;39m Shutting down ExecutorService 'applicationTaskExecutor'
2022-11-12 20:52:57.790 INFO  com.example.config.DemoApplication                :55   [32m                  [0;39m Starting DemoApplication using Java 11.0.15 on LAPTOP-U9H4EPFU with PID 25128 (D:\spring-study\demo\target\classes started by lzz in D:\spring-study\demo)
2022-11-12 20:52:57.790 INFO  com.example.config.DemoApplication                :660  [32m                  [0;39m No active profile set, falling back to default profiles: default
2022-11-12 20:52:57.941 INFO  o.s.d.r.config.RepositoryConfigurationDelegate    :250  [32m                  [0;39m Multiple Spring Data modules found, entering strict repository configuration mode!
2022-11-12 20:52:57.942 INFO  o.s.d.r.config.RepositoryConfigurationDelegate    :128  [32m                  [0;39m Bootstrapping Spring Data Redis repositories in DEFAULT mode.
2022-11-12 20:52:57.943 INFO  o.s.d.r.config.RepositoryConfigurationDelegate    :188  [32m                  [0;39m Finished Spring Data repository scanning in 1 ms. Found 0 Redis repository interfaces.
2022-11-12 20:52:57.977 WARN  org.mybatis.spring.mapper.ClassPathMapperScanner  :44   [32m                  [0;39m No MyBatis mapper was found in '[com.example.config]' package. Please check your configuration.
2022-11-12 20:52:58.030 INFO  o.s.boot.web.embedded.tomcat.TomcatWebServer      :108  [32m                  [0;39m Tomcat initialized with port(s): 8081 (http)
2022-11-12 20:52:58.031 INFO  org.apache.coyote.http11.Http11NioProtocol        :173  [32m                  [0;39m Initializing ProtocolHandler ["http-nio-8081"]
2022-11-12 20:52:58.032 INFO  org.apache.catalina.core.StandardService          :173  [32m                  [0;39m Starting service [Tomcat]
2022-11-12 20:52:58.032 INFO  org.apache.catalina.core.StandardEngine           :173  [32m                  [0;39m Starting Servlet engine: [Apache Tomcat/9.0.39]
2022-11-12 20:52:58.054 INFO  o.a.c.core.ContainerBase.[Tomcat].[localhost].[/] :173  [32m                  [0;39m Initializing Spring embedded WebApplicationContext
2022-11-12 20:52:58.055 INFO  o.s.b.w.s.c.ServletWebServerApplicationContext    :289  [32m                  [0;39m Root WebApplicationContext: initialization completed in 262 ms
2022-11-12 20:52:58.107 INFO  o.s.scheduling.concurrent.ThreadPoolTaskExecutor  :181  [32m                  [0;39m Initializing ExecutorService 'applicationTaskExecutor'
2022-11-12 20:52:58.192 INFO  o.s.b.d.autoconfigure.OptionalLiveReloadServer    :58   [32m                  [0;39m LiveReload server is running on port 35729
2022-11-12 20:52:58.202 INFO  org.apache.coyote.http11.Http11NioProtocol        :173  [32m                  [0;39m Starting ProtocolHandler ["http-nio-8081"]
2022-11-12 20:52:58.207 INFO  o.s.boot.web.embedded.tomcat.TomcatWebServer      :220  [32m                  [0;39m Tomcat started on port(s): 8081 (http) with context path ''
2022-11-12 20:52:58.210 INFO  com.example.config.DemoApplication                :61   [32m                  [0;39m Started DemoApplication in 0.449 seconds (JVM running for 29.755)
2022-11-12 20:52:58.213 INFO  o.s.b.d.a.ConditionEvaluationDeltaLoggingListener :63   [32m                  [0;39m Condition evaluation unchanged
2022-11-12 20:52:59.666 INFO  o.s.scheduling.concurrent.ThreadPoolTaskExecutor  :218  [32m                  [0;39m Shutting down ExecutorService 'applicationTaskExecutor'
2022-11-12 20:53:02.133 INFO  org.hibernate.validator.internal.util.Version     :21   [32m                  [0;39m HV000001: Hibernate Validator 6.1.6.Final
2022-11-12 20:53:02.132 INFO  com.example.config.DemoApplication                :55   [32m                  [0;39m Starting DemoApplication using Java 11.0.15 on LAPTOP-U9H4EPFU with PID 3416 (D:\spring-study\demo\target\classes started by lzz in D:\spring-study\demo)
2022-11-12 20:53:02.136 INFO  com.example.config.DemoApplication                :660  [32m                  [0;39m No active profile set, falling back to default profiles: default
2022-11-12 20:53:02.168 INFO  o.s.b.d.env.DevToolsPropertyDefaultsPostProcessor :255  [32m                  [0;39m Devtools property defaults active! Set 'spring.devtools.add-properties' to 'false' to disable
2022-11-12 20:53:02.169 INFO  o.s.b.d.env.DevToolsPropertyDefaultsPostProcessor :255  [32m                  [0;39m For additional web related logging consider setting the 'logging.level.web' property to 'DEBUG'
2022-11-12 20:53:02.668 INFO  o.s.d.r.config.RepositoryConfigurationDelegate    :250  [32m                  [0;39m Multiple Spring Data modules found, entering strict repository configuration mode!
2022-11-12 20:53:02.670 INFO  o.s.d.r.config.RepositoryConfigurationDelegate    :128  [32m                  [0;39m Bootstrapping Spring Data Redis repositories in DEFAULT mode.
2022-11-12 20:53:02.685 INFO  o.s.d.r.config.RepositoryConfigurationDelegate    :188  [32m                  [0;39m Finished Spring Data repository scanning in 4 ms. Found 0 Redis repository interfaces.
2022-11-12 20:53:02.781 WARN  org.mybatis.spring.mapper.ClassPathMapperScanner  :44   [32m                  [0;39m No MyBatis mapper was found in '[com.example.config]' package. Please check your configuration.
2022-11-12 20:53:03.070 INFO  o.s.boot.web.embedded.tomcat.TomcatWebServer      :108  [32m                  [0;39m Tomcat initialized with port(s): 8081 (http)
2022-11-12 20:53:03.076 INFO  org.apache.coyote.http11.Http11NioProtocol        :173  [32m                  [0;39m Initializing ProtocolHandler ["http-nio-8081"]
2022-11-12 20:53:03.077 INFO  org.apache.catalina.core.StandardService          :173  [32m                  [0;39m Starting service [Tomcat]
2022-11-12 20:53:03.077 INFO  org.apache.catalina.core.StandardEngine           :173  [32m                  [0;39m Starting Servlet engine: [Apache Tomcat/9.0.39]
2022-11-12 20:53:03.136 INFO  o.a.c.core.ContainerBase.[Tomcat].[localhost].[/] :173  [32m                  [0;39m Initializing Spring embedded WebApplicationContext
2022-11-12 20:53:03.136 INFO  o.s.b.w.s.c.ServletWebServerApplicationContext    :289  [32m                  [0;39m Root WebApplicationContext: initialization completed in 967 ms
2022-11-12 20:53:03.274 INFO  o.s.scheduling.concurrent.ThreadPoolTaskExecutor  :181  [32m                  [0;39m Initializing ExecutorService 'applicationTaskExecutor'
2022-11-12 20:53:03.671 INFO  o.s.b.d.autoconfigure.OptionalLiveReloadServer    :58   [32m                  [0;39m LiveReload server is running on port 35729
2022-11-12 20:53:03.685 INFO  org.apache.coyote.http11.Http11NioProtocol        :173  [32m                  [0;39m Starting ProtocolHandler ["http-nio-8081"]
2022-11-12 20:53:03.701 INFO  o.s.boot.web.embedded.tomcat.TomcatWebServer      :220  [32m                  [0;39m Tomcat started on port(s): 8081 (http) with context path ''
2022-11-12 20:53:03.712 INFO  com.example.config.DemoApplication                :61   [32m                  [0;39m Started DemoApplication in 1.974 seconds (JVM running for 3.123)
